app/build/outputs/logs/manifest-merger-release-report.txt
-- Merging decision tree log ---
manifest
ADDED from src\main\AndroidManifest.xml:2:1-28:12
	package
		ADDED from src\main\AndroidManifest.xml:3:5-32
		INJECTED from src\main\AndroidManifest.xml
		INJECTED from src\main\AndroidManifest.xml
	android:versionName
		ADDED from src\main\AndroidManifest.xml:5:5-30
		INJECTED from src\main\AndroidManifest.xml
		INJECTED from src\main\AndroidManifest.xml
	android:versionCode
		ADDED from src\main\AndroidManifest.xml:4:5-28
		INJECTED from src\main\AndroidManifest.xml
		INJECTED from src\main\AndroidManifest.xml
	xmlns:android
		ADDED from src\main\AndroidManifest.xml:2:11-69
uses-sdk
ADDED from src\main\AndroidManifest.xml:7:5-9:41
MERGED from [MulCode:term:unspecified] AndroidManifest.xml:6:5-8:41
MERGED from [MulCode:emulatorview:unspecified] AndroidManifest.xml:7:5-9:41
MERGED from [MulCode:libtermexec:unspecified] AndroidManifest.xml:7:5-9:41
	android:targetSdkVersion
		ADDED from src\main\AndroidManifest.xml:9:9-38
		INJECTED from src\main\AndroidManifest.xml
		INJECTED from src\main\AndroidManifest.xml
	android:minSdkVersion
		ADDED from src\main\AndroidManifest.xml:8:9-34
		INJECTED from src\main\AndroidManifest.xml
		INJECTED from src\main\AndroidManifest.xml
application
ADDED from src\main\AndroidManifest.xml:11:5-25:19
MERGED from [MulCode:term:unspecified] AndroidManifest.xml:39:5-169:19
MERGED from [MulCode:libtermexec:unspecified] AndroidManifest.xml:11:5-20
	android:label
		ADDED from src\main\AndroidManifest.xml:14:9-41
	android:hardwareAccelerated
		ADDED from [MulCode:term:unspecified] AndroidManifest.xml:39:18-52
	android:icon
		ADDED from src\main\AndroidManifest.xml:13:9-36
	android:theme
		ADDED from src\main\AndroidManifest.xml:12:3-34
activity#com.luoye.simpleC.MainActivity
ADDED from src\main\AndroidManifest.xml:15:9-22:20
	android:name
		ADDED from src\main\AndroidManifest.xml:16:13-41
intent-filter#android.intent.action.MAIN+android.intent.category.LAUNCHER
ADDED from src\main\AndroidManifest.xml:17:13-21:29
action#android.intent.action.MAIN
ADDED from src\main\AndroidManifest.xml:18:17-69
	android:name
		ADDED from src\main\AndroidManifest.xml:18:25-66
category#android.intent.category.LAUNCHER
ADDED from src\main\AndroidManifest.xml:20:17-77
	android:name
		ADDED from src\main\AndroidManifest.xml:20:27-74
activity#com.luoye.simpleC.activity.FileListActivity
ADDED from src\main\AndroidManifest.xml:23:9-72
	android:name
		ADDED from src\main\AndroidManifest.xml:23:19-60
activity#com.luoye.simpleC.activity.SettingActivity
ADDED from src\main\AndroidManifest.xml:24:9-90
	android:label
		ADDED from src\main\AndroidManifest.xml:24:60-78
	android:name
		ADDED from src\main\AndroidManifest.xml:24:19-59
uses-permission#android.permission.INTERNET
ADDED from src\main\AndroidManifest.xml:26:2-63
MERGED from [MulCode:term:unspecified] AndroidManifest.xml:14:5-67
	android:name
		ADDED from src\main\AndroidManifest.xml:26:19-61
uses-permission#android.permission.WRITE_EXTERNAL_STORAGE
ADDED from src\main\AndroidManifest.xml:27:5-80
MERGED from [MulCode:term:unspecified] AndroidManifest.xml:16:5-81
	android:name
		ADDED from src\main\AndroidManifest.xml:27:22-78
uses-feature#android.hardware.touchscreen
ADDED from [MulCode:term:unspecified] AndroidManifest.xml:10:5-12:36
	android:required
		ADDED from [MulCode:term:unspecified] AndroidManifest.xml:12:9-33
	android:name
		ADDED from [MulCode:term:unspecified] AndroidManifest.xml:11:9-52
uses-permission#android.permission.READ_EXTERNAL_STORAGE
ADDED from [MulCode:term:unspecified] AndroidManifest.xml:15:5-80
	android:name
		ADDED from [MulCode:term:unspecified] AndroidManifest.xml:15:22-77
uses-permission#android.permission.ACCESS_SUPERUSER
ADDED from [MulCode:term:unspecified] AndroidManifest.xml:17:5-75
	android:name
		ADDED from [MulCode:term:unspecified] AndroidManifest.xml:17:22-72
uses-permission#android.permission.WAKE_LOCK
ADDED from [MulCode:term:unspecified] AndroidManifest.xml:18:5-68
	android:name
		ADDED from [MulCode:term:unspecified] AndroidManifest.xml:18:22-65
permission#jackpal.term.permission.RUN_SCRIPT
ADDED from [MulCode:term:unspecified] AndroidManifest.xml:20:5-25:47
	android:label
		ADDED from [MulCode:term:unspecified] AndroidManifest.xml:23:9-48
	android:protectionLevel
		ADDED from [MulCode:term:unspecified] AndroidManifest.xml:25:9-44
	android:permissionGroup
		ADDED from [MulCode:term:unspecified] AndroidManifest.xml:24:9-72
	android:description
		ADDED from [MulCode:term:unspecified] AndroidManifest.xml:22:9-58
	android:name
		ADDED from [MulCode:term:unspecified] AndroidManifest.xml:21:9-58
permission#jackpal.term.permission.APPEND_TO_PATH
ADDED from [MulCode:term:unspecified] AndroidManifest.xml:26:5-31:47
	android:label
		ADDED from [MulCode:term:unspecified] AndroidManifest.xml:29:9-52
	android:protectionLevel
		ADDED from [MulCode:term:unspecified] AndroidManifest.xml:31:9-44
	android:permissionGroup
		ADDED from [MulCode:term:unspecified] AndroidManifest.xml:30:9-72
	android:description
		ADDED from [MulCode:term:unspecified] AndroidManifest.xml:28:9-62
	android:name
		ADDED from [MulCode:term:unspecified] AndroidManifest.xml:27:9-62
permission#jackpal.term.permission.PREPEND_TO_PATH
ADDED from [MulCode:term:unspecified] AndroidManifest.xml:32:5-37:47
	android:label
		ADDED from [MulCode:term:unspecified] AndroidManifest.xml:35:9-53
	android:protectionLevel
		ADDED from [MulCode:term:unspecified] AndroidManifest.xml:37:9-44
	android:permissionGroup
		ADDED from [MulCode:term:unspecified] AndroidManifest.xml:36:9-72
	android:description
		ADDED from [MulCode:term:unspecified] AndroidManifest.xml:34:9-63
	android:name
		ADDED from [MulCode:term:unspecified] AndroidManifest.xml:33:9-63
activity#jackpal.term.Term
ADDED from [MulCode:term:unspecified] AndroidManifest.xml:40:9-50:20
	android:launchMode
		ADDED from [MulCode:term:unspecified] AndroidManifest.xml:44:13-44
	android:windowSoftInputMode
		ADDED from [MulCode:term:unspecified] AndroidManifest.xml:46:13-74
	android:configChanges
		ADDED from [MulCode:term:unspecified] AndroidManifest.xml:42:13-72
	android:icon
		ADDED from [MulCode:term:unspecified] AndroidManifest.xml:43:13-49
	android:theme
		ADDED from [MulCode:term:unspecified] AndroidManifest.xml:45:13-44
	android:name
		ADDED from [MulCode:term:unspecified] AndroidManifest.xml:41:13-45
intent-filter#android.intent.category.MULTIWINDOW_LAUNCHER
ADDED from [MulCode:term:unspecified] AndroidManifest.xml:47:13-49:29
category#android.intent.category.MULTIWINDOW_LAUNCHER
ADDED from [MulCode:term:unspecified] AndroidManifest.xml:48:17-89
	android:name
		ADDED from [MulCode:term:unspecified] AndroidManifest.xml:48:27-86
activity-alias#jackpal.term.TermInternal
ADDED from [MulCode:term:unspecified] AndroidManifest.xml:52:9-66:26
	android:exported
		ADDED from [MulCode:term:unspecified] AndroidManifest.xml:54:13-37
	android:targetActivity
		ADDED from [MulCode:term:unspecified] AndroidManifest.xml:55:13-55
	android:name
		ADDED from [MulCode:term:unspecified] AndroidManifest.xml:53:13-53
intent-filter#android.intent.category.DEFAULT+jackpal.androidterm.private.OPEN_NEW_WINDOW
ADDED from [MulCode:term:unspecified] AndroidManifest.xml:56:13-60:29
action#jackpal.androidterm.private.OPEN_NEW_WINDOW
ADDED from [MulCode:term:unspecified] AndroidManifest.xml:57:17-86
	android:name
		ADDED from [MulCode:term:unspecified] AndroidManifest.xml:57:25-83
category#android.intent.category.DEFAULT
ADDED from [MulCode:term:unspecified] AndroidManifest.xml:59:17-76
	android:name
		ADDED from [MulCode:term:unspecified] AndroidManifest.xml:59:27-73
intent-filter#android.intent.category.DEFAULT+jackpal.androidterm.private.SWITCH_WINDOW
ADDED from [MulCode:term:unspecified] AndroidManifest.xml:61:13-65:29
action#jackpal.androidterm.private.SWITCH_WINDOW
ADDED from [MulCode:term:unspecified] AndroidManifest.xml:62:17-84
	android:name
		ADDED from [MulCode:term:unspecified] AndroidManifest.xml:62:25-81
activity#jackpal.term.RemoteInterface
ADDED from [MulCode:term:unspecified] AndroidManifest.xml:68:9-76:20
	android:excludeFromRecents
		ADDED from [MulCode:term:unspecified] AndroidManifest.xml:70:13-46
	android:name
		ADDED from [MulCode:term:unspecified] AndroidManifest.xml:69:13-56
intent-filter#android.intent.category.DEFAULT+jackpal.androidterm.OPEN_NEW_WINDOW
ADDED from [MulCode:term:unspecified] AndroidManifest.xml:71:13-75:29
action#jackpal.androidterm.OPEN_NEW_WINDOW
ADDED from [MulCode:term:unspecified] AndroidManifest.xml:72:17-78
	android:name
		ADDED from [MulCode:term:unspecified] AndroidManifest.xml:72:25-75
activity-alias#jackpal.term.TermHere
ADDED from [MulCode:term:unspecified] AndroidManifest.xml:78:9-90:26
	android:label
		ADDED from [MulCode:term:unspecified] AndroidManifest.xml:81:13-61
	android:exported
		ADDED from [MulCode:term:unspecified] AndroidManifest.xml:80:13-36
	android:targetActivity
		ADDED from [MulCode:term:unspecified] AndroidManifest.xml:82:13-66
	android:name
		ADDED from [MulCode:term:unspecified] AndroidManifest.xml:79:13-49
intent-filter#android.intent.action.SEND+android.intent.category.DEFAULT
ADDED from [MulCode:term:unspecified] AndroidManifest.xml:83:13-89:29
action#android.intent.action.SEND
ADDED from [MulCode:term:unspecified] AndroidManifest.xml:84:17-69
	android:name
		ADDED from [MulCode:term:unspecified] AndroidManifest.xml:84:25-66
data
ADDED from [MulCode:term:unspecified] AndroidManifest.xml:86:17-48
	android:mimeType
		ADDED from [MulCode:term:unspecified] AndroidManifest.xml:86:23-45
activity#jackpal.term.RunScript
ADDED from [MulCode:term:unspecified] AndroidManifest.xml:92:9-101:20
	android:excludeFromRecents
		ADDED from [MulCode:term:unspecified] AndroidManifest.xml:94:13-46
	android:permission
		ADDED from [MulCode:term:unspecified] AndroidManifest.xml:95:13-75
	android:name
		ADDED from [MulCode:term:unspecified] AndroidManifest.xml:93:13-50
intent-filter#android.intent.category.DEFAULT+jackpal.androidterm.RUN_SCRIPT
ADDED from [MulCode:term:unspecified] AndroidManifest.xml:96:13-100:29
action#jackpal.androidterm.RUN_SCRIPT
ADDED from [MulCode:term:unspecified] AndroidManifest.xml:97:17-73
	android:name
		ADDED from [MulCode:term:unspecified] AndroidManifest.xml:97:25-70
activity#jackpal.term.RunShortcut
ADDED from [MulCode:term:unspecified] AndroidManifest.xml:102:9-110:20
	android:excludeFromRecents
		ADDED from [MulCode:term:unspecified] AndroidManifest.xml:104:13-46
	android:name
		ADDED from [MulCode:term:unspecified] AndroidManifest.xml:103:13-52
intent-filter#android.intent.category.DEFAULT+jackpal.androidterm.RUN_SHORTCUT
ADDED from [MulCode:term:unspecified] AndroidManifest.xml:105:13-109:29
action#jackpal.androidterm.RUN_SHORTCUT
ADDED from [MulCode:term:unspecified] AndroidManifest.xml:106:17-75
	android:name
		ADDED from [MulCode:term:unspecified] AndroidManifest.xml:106:25-72
activity#jackpal.term.TermPreferences
ADDED from [MulCode:term:unspecified] AndroidManifest.xml:111:9-113:51
	android:label
		ADDED from [MulCode:term:unspecified] AndroidManifest.xml:113:13-48
	android:name
		ADDED from [MulCode:term:unspecified] AndroidManifest.xml:112:13-56
activity#jackpal.term.WindowList
ADDED from [MulCode:term:unspecified] AndroidManifest.xml:114:9-116:51
	android:label
		ADDED from [MulCode:term:unspecified] AndroidManifest.xml:116:13-48
	android:name
		ADDED from [MulCode:term:unspecified] AndroidManifest.xml:115:13-51
service#jackpal.term.TermService
ADDED from [MulCode:term:unspecified] AndroidManifest.xml:118:9-124:19
	android:name
		ADDED from [MulCode:term:unspecified] AndroidManifest.xml:118:18-57
intent-filter#android.intent.category.DEFAULT+jackpal.androidterm.action.START_TERM.v1
ADDED from [MulCode:term:unspecified] AndroidManifest.xml:119:13-123:29
action#jackpal.androidterm.action.START_TERM.v1
ADDED from [MulCode:term:unspecified] AndroidManifest.xml:120:17-83
	android:name
		ADDED from [MulCode:term:unspecified] AndroidManifest.xml:120:25-80
activity#jackpal.term.shortcuts.AddShortcut
ADDED from [MulCode:term:unspecified] AndroidManifest.xml:126:9-143:20
	android:label
		ADDED from [MulCode:term:unspecified] AndroidManifest.xml:129:13-61
	android:launchMode
		ADDED from [MulCode:term:unspecified] AndroidManifest.xml:130:13-43
	android:configChanges
		ADDED from [MulCode:term:unspecified] AndroidManifest.xml:128:13-72
	android:theme
		ADDED from [MulCode:term:unspecified] AndroidManifest.xml:131:13-72
	android:name
		ADDED from [MulCode:term:unspecified] AndroidManifest.xml:127:13-62
intent-filter#android.intent.action.MAIN
ADDED from [MulCode:term:unspecified] AndroidManifest.xml:132:13-134:29
intent-filter#android.intent.action.CREATE_SHORTCUT
ADDED from [MulCode:term:unspecified] AndroidManifest.xml:135:13-137:29
action#android.intent.action.CREATE_SHORTCUT
ADDED from [MulCode:term:unspecified] AndroidManifest.xml:136:17-80
	android:name
		ADDED from [MulCode:term:unspecified] AndroidManifest.xml:136:25-77
intent-filter#android.intent.category.DEFAULT
ADDED from [MulCode:term:unspecified] AndroidManifest.xml:138:13-142:29
activity#jackpal.term.shortcuts.FSNavigator
ADDED from [MulCode:term:unspecified] AndroidManifest.xml:144:9-163:20
	android:label
		ADDED from [MulCode:term:unspecified] AndroidManifest.xml:148:13-68
	android:launchMode
		ADDED from [MulCode:term:unspecified] AndroidManifest.xml:149:13-43
	android:exported
		ADDED from [MulCode:term:unspecified] AndroidManifest.xml:147:13-36
	android:configChanges
		ADDED from [MulCode:term:unspecified] AndroidManifest.xml:146:13-63
	android:name
		ADDED from [MulCode:term:unspecified] AndroidManifest.xml:145:13-62
intent-filter#android.intent.action.PICK+android.intent.category.DEFAULT
ADDED from [MulCode:term:unspecified] AndroidManifest.xml:150:13-154:29
action#android.intent.action.PICK
ADDED from [MulCode:term:unspecified] AndroidManifest.xml:151:17-69
	android:name
		ADDED from [MulCode:term:unspecified] AndroidManifest.xml:151:25-66
intent-filter#android.intent.action.GET_CONTENT+android.intent.category.DEFAULT+android.intent.category.OPENABLE
ADDED from [MulCode:term:unspecified] AndroidManifest.xml:155:13-162:29
action#android.intent.action.GET_CONTENT
ADDED from [MulCode:term:unspecified] AndroidManifest.xml:156:17-76
	android:name
		ADDED from [MulCode:term:unspecified] AndroidManifest.xml:156:25-73
category#android.intent.category.OPENABLE
ADDED from [MulCode:term:unspecified] AndroidManifest.xml:159:17-77
	android:name
		ADDED from [MulCode:term:unspecified] AndroidManifest.xml:159:27-74
meta-data#com.sec.android.support.multiwindow
ADDED from [MulCode:term:unspecified] AndroidManifest.xml:165:9-168:21
	android:value
		ADDED from [MulCode:term:unspecified] AndroidManifest.xml:167:13-33
	android:name
		ADDED from [MulCode:term:unspecified] AndroidManifest.xml:166:13-63